DAPP/app/build/outputs/logs/manifest-merger-debug-report.txt
-- Merging decision tree log ---
manifest
ADDED from AndroidManifest.xml:2:1
	xmlns:android
		ADDED from AndroidManifest.xml:2:11
	package
		ADDED from AndroidManifest.xml:3:5
		INJECTED from AndroidManifest.xml:0:0
		INJECTED from AndroidManifest.xml:0:0
	android:versionName
		INJECTED from AndroidManifest.xml:0:0
		INJECTED from AndroidManifest.xml:0:0
	android:versionCode
		INJECTED from AndroidManifest.xml:0:0
		INJECTED from AndroidManifest.xml:0:0
uses-permission#android.permission.GET_ACCOUNTS
ADDED from AndroidManifest.xml:6:5
MERGED from :shipit::44:5
	android:name
		ADDED from AndroidManifest.xml:6:22
uses-permission#com.google.android.c2dm.permission.RECEIVE
ADDED from AndroidManifest.xml:8:5
MERGED from :shipit::45:5
MERGED from com.google.android.gms:play-services-gcm:8.3.0:21:5
	android:name
		ADDED from AndroidManifest.xml:8:22
uses-permission#android.permission.INTERNET
ADDED from AndroidManifest.xml:10:5
MERGED from :shipit::46:5
MERGED from com.google.android.gms:play-services-gcm:8.3.0:22:5
MERGED from com.google.android.gms:play-services-measurement:8.3.0:21:5
MERGED from com.google.android.gms:play-services-maps:8.3.0:21:5
MERGED from com.google.android.gms:play-services-maps:8.3.0:21:5
	android:name
		ADDED from AndroidManifest.xml:10:22
uses-permission#android.permission.ACCESS_NETWORK_STATE
ADDED from AndroidManifest.xml:12:5
MERGED from :shipit::47:5
MERGED from com.google.android.gms:play-services-measurement:8.3.0:22:5
MERGED from com.google.android.gms:play-services-maps:8.3.0:20:5
MERGED from com.google.android.gms:play-services-maps:8.3.0:20:5
	android:name
		ADDED from AndroidManifest.xml:12:22
uses-permission#android.permission.WAKE_LOCK
ADDED from AndroidManifest.xml:14:5
MERGED from :shipit::48:5
MERGED from com.google.android.gms:play-services-measurement:8.3.0:24:5
	android:name
		ADDED from AndroidManifest.xml:14:22
uses-permission#android.permission.RECEIVE_BOOT_COMPLETED
ADDED from AndroidManifest.xml:16:5
MERGED from :shipit::49:5
	android:name
		ADDED from AndroidManifest.xml:16:22
uses-permission#android.permission.ACCESS_FINE_LOCATION
ADDED from AndroidManifest.xml:18:5
MERGED from :shipit::51:5
	android:name
		ADDED from AndroidManifest.xml:18:22
uses-permission#android.permission.ACCESS_COARSE_LOCATION
ADDED from AndroidManifest.xml:20:5
MERGED from :shipit::52:5
	android:name
		ADDED from AndroidManifest.xml:20:22
uses-permission#android.permission.VIBRATE
ADDED from AndroidManifest.xml:22:5
	android:name
		ADDED from AndroidManifest.xml:22:22
uses-sdk
ADDED from AndroidManifest.xml:26:5
MERGED from :shipit::35:5
MERGED from com.android.support:appcompat-v7:23.0.0:20:5
MERGED from com.android.support:support-v4:23.0.0:20:5
MERGED from com.android.support:recyclerview-v7:23.0.0:20:5
MERGED from com.android.support:support-v4:23.0.0:20:5
MERGED from com.google.android.gms:play-services-gcm:8.3.0:18:5
MERGED from com.google.android.gms:play-services-base:8.3.0:18:5
MERGED from com.google.android.gms:play-services-basement:8.3.0:18:5
MERGED from com.android.support:support-v4:23.0.0:20:5
MERGED from com.google.android.gms:play-services-measurement:8.3.0:18:5
MERGED from com.google.android.gms:play-services-basement:8.3.0:18:5
MERGED from com.android.support:support-v4:23.0.0:20:5
MERGED from com.google.android.gms:play-services-location:8.3.0:18:5
MERGED from com.google.android.gms:play-services-base:8.3.0:18:5
MERGED from com.google.android.gms:play-services-basement:8.3.0:18:5
MERGED from com.android.support:support-v4:23.0.0:20:5
MERGED from com.google.android.gms:play-services-maps:8.3.0:26:5
MERGED from com.google.android.gms:play-services-base:8.3.0:18:5
MERGED from com.google.android.gms:play-services-basement:8.3.0:18:5
MERGED from com.android.support:support-v4:23.0.0:20:5
MERGED from com.google.android.gms:play-services-maps:8.3.0:26:5
MERGED from com.google.android.gms:play-services-base:8.3.0:18:5
MERGED from com.google.android.gms:play-services-basement:8.3.0:18:5
MERGED from com.android.support:support-v4:23.0.0:20:5
	android:targetSdkVersion
		ADDED from AndroidManifest.xml:30:9
		INJECTED from AndroidManifest.xml:0:0
		INJECTED from AndroidManifest.xml:0:0
	android:minSdkVersion
		ADDED from AndroidManifest.xml:28:9
		INJECTED from AndroidManifest.xml:0:0
		INJECTED from AndroidManifest.xml:0:0
application
ADDED from AndroidManifest.xml:34:5
MERGED from :shipit::146:5
MERGED from com.android.support:appcompat-v7:23.0.0:22:5
MERGED from com.android.support:support-v4:23.0.0:22:5
MERGED from com.android.support:support-v4:23.0.0:22:5
MERGED from com.google.android.gms:play-services-gcm:8.3.0:24:5
MERGED from com.google.android.gms:play-services-basement:8.3.0:20:5
MERGED from com.android.support:support-v4:23.0.0:22:5
MERGED from com.google.android.gms:play-services-measurement:8.3.0:26:5
MERGED from com.google.android.gms:play-services-basement:8.3.0:20:5
MERGED from com.android.support:support-v4:23.0.0:22:5
MERGED from com.google.android.gms:play-services-location:8.3.0:19:5
MERGED from com.google.android.gms:play-services-basement:8.3.0:20:5
MERGED from com.android.support:support-v4:23.0.0:22:5
MERGED from com.google.android.gms:play-services-maps:8.3.0:27:5
MERGED from com.google.android.gms:play-services-basement:8.3.0:20:5
MERGED from com.android.support:support-v4:23.0.0:22:5
MERGED from com.google.android.gms:play-services-maps:8.3.0:27:5
MERGED from com.google.android.gms:play-services-basement:8.3.0:20:5
MERGED from com.android.support:support-v4:23.0.0:22:5
	android:label
		ADDED from AndroidManifest.xml:37:9
	android:allowBackup
		ADDED from AndroidManifest.xml:35:9
	android:icon
		ADDED from AndroidManifest.xml:36:9
	android:theme
		ADDED from AndroidManifest.xml:38:9
activity#com.example.gdata.dapp.MainActivity
ADDED from AndroidManifest.xml:39:9
	android:label
		ADDED from AndroidManifest.xml:41:13
	android:name
		ADDED from AndroidManifest.xml:40:13
intent-filter#android.intent.action.MAIN+android.intent.category.LAUNCHER
ADDED from AndroidManifest.xml:42:13
action#android.intent.action.MAIN
ADDED from AndroidManifest.xml:43:17
	android:name
		ADDED from AndroidManifest.xml:43:25
category#android.intent.category.LAUNCHER
ADDED from AndroidManifest.xml:45:17
	android:name
		ADDED from AndroidManifest.xml:45:27
receiver#com.google.android.gms.gcm.GcmReceiver
ADDED from AndroidManifest.xml:49:9
	android:exported
		ADDED from AndroidManifest.xml:51:13
	android:permission
		ADDED from AndroidManifest.xml:52:13
	android:name
		ADDED from AndroidManifest.xml:50:13
intent-filter#com.google.android.c2dm.intent.RECEIVE+com.google.android.c2dm.intent.REGISTRATION+com.shipit.android
ADDED from AndroidManifest.xml:53:13
action#com.google.android.c2dm.intent.RECEIVE
ADDED from AndroidManifest.xml:54:17
	android:name
		ADDED from AndroidManifest.xml:54:25
action#com.google.android.c2dm.intent.REGISTRATION
ADDED from AndroidManifest.xml:55:17
	android:name
		ADDED from AndroidManifest.xml:55:25
category#com.shipit.android
ADDED from AndroidManifest.xml:57:17
	android:name
		ADDED from AndroidManifest.xml:57:27
service#com.shipit.android.SIM_GcmListenerSvc
ADDED from AndroidManifest.xml:64:9
	android:exported
		ADDED from AndroidManifest.xml:66:13
	android:name
		ADDED from AndroidManifest.xml:65:13
intent-filter#com.google.android.c2dm.intent.RECEIVE
ADDED from AndroidManifest.xml:67:13
service#com.shipit.android.SIM_InstanceIDListenerSvc
ADDED from AndroidManifest.xml:73:9
	android:exported
		ADDED from AndroidManifest.xml:75:13
	android:name
		ADDED from AndroidManifest.xml:74:13
intent-filter#com.google.android.gms.iid.InstanceID
ADDED from AndroidManifest.xml:76:13
action#com.google.android.gms.iid.InstanceID
ADDED from AndroidManifest.xml:77:17
	android:name
		ADDED from AndroidManifest.xml:77:25
service#com.shipit.android.SIM_RegsIntentSvc
ADDED from AndroidManifest.xml:81:9
	android:exported
		ADDED from AndroidManifest.xml:83:13
	android:name
		ADDED from AndroidManifest.xml:82:13
service#com.shipit.android.SIM_NotifArtist
ADDED from AndroidManifest.xml:84:9
	android:name
		ADDED from AndroidManifest.xml:84:18
service#com.shipit.android.SIM_GeoFencing
ADDED from AndroidManifest.xml:85:9
	android:exported
		ADDED from AndroidManifest.xml:87:13
	android:name
		ADDED from AndroidManifest.xml:86:13
activity#com.shipit.android.SIM_NotifActionActivity
ADDED from AndroidManifest.xml:89:9
	android:theme
		ADDED from AndroidManifest.xml:94:13
	android:excludeFromRecents
		ADDED from AndroidManifest.xml:91:13
	android:taskAffinity
		ADDED from AndroidManifest.xml:93:13
	android:name
		ADDED from AndroidManifest.xml:90:13
	android:launchMode
		ADDED from AndroidManifest.xml:92:13
activity#com.shipit.android.SIM_InAppNotifArtist
ADDED from AndroidManifest.xml:95:9
	android:theme
		ADDED from AndroidManifest.xml:100:13
	android:excludeFromRecents
		ADDED from AndroidManifest.xml:97:13
	android:taskAffinity
		ADDED from AndroidManifest.xml:99:13
	android:name
		ADDED from AndroidManifest.xml:96:13
	android:launchMode
		ADDED from AndroidManifest.xml:98:13
activity#com.shipit.android.SIM_NotifDisp
ADDED from AndroidManifest.xml:101:9
	android:label
		ADDED from AndroidManifest.xml:104:13
	android:theme
		ADDED from AndroidManifest.xml:107:13
	android:excludeFromRecents
		ADDED from AndroidManifest.xml:103:13
	android:taskAffinity
		ADDED from AndroidManifest.xml:106:13
	android:name
		ADDED from AndroidManifest.xml:102:13
	android:launchMode
		ADDED from AndroidManifest.xml:105:13
permission#com.example.shipit.permission.C2D_MESSAGE
ADDED from :shipit::39:5
	android:protectionLevel
		ADDED from :shipit::41:9
	android:name
		ADDED from :shipit::40:9
uses-permission#com.example.shipit.permission.C2D_MESSAGE
ADDED from :shipit::43:5
	android:name
		ADDED from :shipit::43:22
uses-permission#android.permission.READ_PHONE_STATE
ADDED from :shipit::50:5
	android:name
		ADDED from :shipit::50:22
uses-permission#com.sec.android.provider.badge.permission.READ
ADDED from :shipit::56:5
	android:name
		ADDED from :shipit::56:22
uses-permission#com.sec.android.provider.badge.permission.WRITE
ADDED from :shipit::57:5
	android:name
		ADDED from :shipit::57:22
uses-permission#com.htc.launcher.permission.READ_SETTINGS
ADDED from :shipit::60:5
	android:name
		ADDED from :shipit::60:22
uses-permission#com.htc.launcher.permission.UPDATE_SHORTCUT
ADDED from :shipit::61:5
	android:name
		ADDED from :shipit::61:22
uses-permission#com.sonyericsson.home.permission.BROADCAST_BADGE
ADDED from :shipit::64:5
	android:name
		ADDED from :shipit::64:22
uses-permission#com.anddoes.launcher.permission.UPDATE_COUNT
ADDED from :shipit::67:5
	android:name
		ADDED from :shipit::67:22
uses-permission#com.majeur.launcher.permission.UPDATE_BADGE
ADDED from :shipit::70:5
	android:name
		ADDED from :shipit::70:22
meta-data#com.google.android.gms.version
ADDED from :shipit::72:5
MERGED from com.google.android.gms:play-services-basement:8.3.0:21:9
MERGED from com.google.android.gms:play-services-basement:8.3.0:21:9
MERGED from com.google.android.gms:play-services-basement:8.3.0:21:9
MERGED from com.google.android.gms:play-services-basement:8.3.0:21:9
	android:name
		ADDED from :shipit::73:9
	android:value
		ADDED from :shipit::74:9
activity#com.example.shipit.shipitDefaultActivity
ADDED from :shipit::122:5
	android:name
		ADDED from :shipit::122:15
activity#com.example.shipit.NotifDisp
ADDED from :shipit::130:5
	android:label
		ADDED from :shipit::132:9
	android:theme
		ADDED from :shipit::133:9
	android:name
		ADDED from :shipit::131:9
receiver#com.example.shipit.shipitCustomBcastRcvr
ADDED from :shipit::136:5
	android:enabled
		ADDED from :shipit::138:9
	android:name
		ADDED from :shipit::137:9
intent-filter#NOTIF_CLEAR+android.intent.action.TIMEZONE_CHANGED
ADDED from :shipit::139:9
action#NOTIF_CLEAR
ADDED from :shipit::140:13
	android:name
		ADDED from :shipit::140:21
action#android.intent.action.TIMEZONE_CHANGED
ADDED from :shipit::141:13
	android:name
		ADDED from :shipit::141:21
provider#com.google.android.gms.measurement.AppMeasurementContentProvider
ADDED from com.google.android.gms:play-services-measurement:8.3.0:28:7
	android:exported
		ADDED from com.google.android.gms:play-services-measurement:8.3.0:31:11
	android:authorities
		ADDED from com.google.android.gms:play-services-measurement:8.3.0:29:11
	android:name
		ADDED from com.google.android.gms:play-services-measurement:8.3.0:30:11
receiver#com.google.android.gms.measurement.AppMeasurementReceiver
ADDED from com.google.android.gms:play-services-measurement:8.3.0:33:7
	android:enabled
		ADDED from com.google.android.gms:play-services-measurement:8.3.0:35:11
	android:name
		ADDED from com.google.android.gms:play-services-measurement:8.3.0:34:11
intent-filter#com.google.android.gms.measurement.UPLOAD
ADDED from com.google.android.gms:play-services-measurement:8.3.0:36:9
action#com.google.android.gms.measurement.UPLOAD
ADDED from com.google.android.gms:play-services-measurement:8.3.0:37:11
	android:name
		ADDED from com.google.android.gms:play-services-measurement:8.3.0:37:19
service#com.google.android.gms.measurement.AppMeasurementService
ADDED from com.google.android.gms:play-services-measurement:8.3.0:41:7
	android:exported
		ADDED from com.google.android.gms:play-services-measurement:8.3.0:44:11
	android:enabled
		ADDED from com.google.android.gms:play-services-measurement:8.3.0:43:11
	android:name
		ADDED from com.google.android.gms:play-services-measurement:8.3.0:42:11
uses-feature#0x00020000
ADDED from com.google.android.gms:play-services-maps:8.3.0:22:5
MERGED from com.google.android.gms:play-services-maps:8.3.0:22:5
	android:required
		ADDED from com.google.android.gms:play-services-maps:8.3.0:24:8
	android:glEsVersion
		ADDED from com.google.android.gms:play-services-maps:8.3.0:23:8